<?xml version="1.0" encoding="UTF-8"?>
<!-- Generated by org.testng.reporters.JUnitXMLReporter -->
<testsuite ignored="0" hostname="LAPTOP-RHJ6NAIG" failures="0" tests="2" name="Default test" time="1.825" errors="0" timestamp="2025-03-28T16:49:34 IST">
  <testcase classname="com.Ninza.hrm.api.EmployeeTest.EmployeeTest" name="addEmployeTest" time="1.621"/>
  <testcase classname="com.Ninza.hrm.api.EmployeeTest.EmployeeTest" name="addEmployeeWithoutMailTest" time="0.156"/>
</testsuite> <!-- Default test -->
