<?xml version="1.0" encoding="UTF-8"?>
<!-- Generated by org.testng.reporters.JUnitXMLReporter -->
<testsuite ignored="2" hostname="LAPTOP-RHJ6NAIG" failures="0" tests="4" name="Test" time="2.773" errors="0" timestamp="2025-03-28T16:53:47 IST">
  <testcase classname="com.Ninza.hrm.api.EmployeeTest.EmployeeTest" name="addEmployeTest" time="1.834"/>
  <testcase classname="com.Ninza.hrm.api.EmployeeTest.EmployeeTest" name="addEmployeeWithoutMailTest" time="0.154"/>
  <testcase classname="com.Ninza.hrm.api.ProjectTest.ProjectTest" name="addSingleProjectWithCreated" time="0.651"/>
  <testcase classname="com.Ninza.hrm.api.ProjectTest.ProjectTest" name="createDuplicateProjectTest" time="0.074"/>
  <testcase classname="com.Ninza.hrm.BaseClass.BaseAPIClass" name="@BeforeSuite configBS" time="0.0">
    <ignored/>
  </testcase> <!-- @BeforeSuite configBS -->
  <testcase classname="com.Ninza.hrm.BaseClass.BaseAPIClass" name="@AfterSuite configAS" time="0.0">
    <ignored/>
  </testcase> <!-- @AfterSuite configAS -->
</testsuite> <!-- Test -->
