<?xml version="1.0" encoding="UTF-8"?>
<testng-results ignored="0" total="4" passed="4" failed="0" skipped="0">
  <reporter-output>
  </reporter-output>
  <suite started-at="2025-03-28T16:53:44 IST" name="Suite" finished-at="2025-03-28T16:53:47 IST" duration-ms="2773">
    <groups>
    </groups>
    <test started-at="2025-03-28T16:53:44 IST" name="Test" finished-at="2025-03-28T16:53:47 IST" duration-ms="2773">
      <class name="com.Ninza.hrm.api.EmployeeTest.EmployeeTest">
        <test-method is-config="true" signature="configBS()[pri:0, instance:com.Ninza.hrm.api.EmployeeTest.EmployeeTest@40005471]" started-at="2025-03-28T16:53:43 IST" name="configBS" finished-at="2025-03-28T16:53:44 IST" duration-ms="624" status="PASS">
          <reporter-output>
          </reporter-output>
        </test-method> <!-- configBS -->
        <test-method signature="addEmployeTest()[pri:0, instance:com.Ninza.hrm.api.EmployeeTest.EmployeeTest@40005471]" started-at="2025-03-28T16:53:44 IST" name="addEmployeTest" finished-at="2025-03-28T16:53:46 IST" duration-ms="1834" status="PASS">
          <reporter-output>
          </reporter-output>
        </test-method> <!-- addEmployeTest -->
        <test-method signature="addEmployeeWithoutMailTest()[pri:0, instance:com.Ninza.hrm.api.EmployeeTest.EmployeeTest@40005471]" started-at="2025-03-28T16:53:46 IST" name="addEmployeeWithoutMailTest" finished-at="2025-03-28T16:53:46 IST" duration-ms="154" status="PASS">
          <reporter-output>
          </reporter-output>
        </test-method> <!-- addEmployeeWithoutMailTest -->
        <test-method is-config="true" signature="configAS()[pri:0, instance:com.Ninza.hrm.api.EmployeeTest.EmployeeTest@40005471]" started-at="2025-03-28T16:53:47 IST" name="configAS" finished-at="2025-03-28T16:53:47 IST" duration-ms="1" status="PASS">
          <reporter-output>
          </reporter-output>
        </test-method> <!-- configAS -->
      </class> <!-- com.Ninza.hrm.api.EmployeeTest.EmployeeTest -->
      <class name="com.Ninza.hrm.api.ProjectTest.ProjectTest">
        <test-method signature="addSingleProjectWithCreated()[pri:0, instance:com.Ninza.hrm.api.ProjectTest.ProjectTest@1ce24091]" started-at="2025-03-28T16:53:46 IST" name="addSingleProjectWithCreated" finished-at="2025-03-28T16:53:47 IST" duration-ms="651" status="PASS">
          <reporter-output>
          </reporter-output>
        </test-method> <!-- addSingleProjectWithCreated -->
        <test-method signature="createDuplicateProjectTest()[pri:0, instance:com.Ninza.hrm.api.ProjectTest.ProjectTest@1ce24091]" started-at="2025-03-28T16:53:47 IST" name="createDuplicateProjectTest" finished-at="2025-03-28T16:53:47 IST" depends-on-methods="com.Ninza.hrm.api.ProjectTest.ProjectTest.addSingleProjectWithCreated" duration-ms="74" status="PASS">
          <reporter-output>
          </reporter-output>
        </test-method> <!-- createDuplicateProjectTest -->
      </class> <!-- com.Ninza.hrm.api.ProjectTest.ProjectTest -->
    </test> <!-- Test -->
  </suite> <!-- Suite -->
</testng-results>
