<?xml version="1.0" encoding="UTF-8"?>
<testng-results ignored="0" total="2" passed="2" failed="0" skipped="0">
  <reporter-output>
  </reporter-output>
  <suite started-at="2025-07-11T15:32:55 IST" name="Suite" finished-at="2025-07-11T15:32:59 IST" duration-ms="4049">
    <groups>
    </groups>
    <test started-at="2025-07-11T15:32:55 IST" name="Test" finished-at="2025-07-11T15:32:59 IST" duration-ms="4049">
      <class name="com.Ninza.hrm.api.EmployeeTest.EmployeeTest">
        <test-method is-config="true" signature="configBS()[pri:0, instance:com.Ninza.hrm.api.EmployeeTest.EmployeeTest@26794848]" started-at="2025-07-11T15:32:54 IST" name="configBS" finished-at="2025-07-11T15:32:55 IST" duration-ms="708" status="PASS">
          <reporter-output>
          </reporter-output>
        </test-method> <!-- configBS -->
        <test-method signature="addEmployeTest()[pri:0, instance:com.Ninza.hrm.api.EmployeeTest.EmployeeTest@26794848]" started-at="2025-07-11T15:32:55 IST" name="addEmployeTest" finished-at="2025-07-11T15:32:58 IST" duration-ms="2748" status="PASS">
          <reporter-output>
          </reporter-output>
        </test-method> <!-- addEmployeTest -->
        <test-method signature="addEmployeeWithoutMailTest()[pri:0, instance:com.Ninza.hrm.api.EmployeeTest.EmployeeTest@26794848]" started-at="2025-07-11T15:32:58 IST" name="addEmployeeWithoutMailTest" finished-at="2025-07-11T15:32:59 IST" duration-ms="1246" status="PASS">
          <reporter-output>
          </reporter-output>
        </test-method> <!-- addEmployeeWithoutMailTest -->
        <test-method is-config="true" signature="configAS()[pri:0, instance:com.Ninza.hrm.api.EmployeeTest.EmployeeTest@26794848]" started-at="2025-07-11T15:32:59 IST" name="configAS" finished-at="2025-07-11T15:32:59 IST" duration-ms="2" status="PASS">
          <reporter-output>
          </reporter-output>
        </test-method> <!-- configAS -->
      </class> <!-- com.Ninza.hrm.api.EmployeeTest.EmployeeTest -->
    </test> <!-- Test -->
  </suite> <!-- Suite -->
</testng-results>
